<?xml version="1.0" encoding="UTF-8"?>
<testsuite name="com.example.springboot.web.HelloControllerTest" tests="2" skipped="0" failures="0" errors="0" timestamp="2021-12-13T14:25:49" hostname="DESKTOP-2FIBGI3" time="0.324">
  <properties/>
  <testcase name="hello가_리턴된다()" classname="com.example.springboot.web.HelloControllerTest" time="0.151"/>
  <testcase name="helloDto가_리턴된다()" classname="com.example.springboot.web.HelloControllerTest" time="0.172"/>
  <system-out><![CDATA[2021-12-13 23:25:45.678  INFO 4088 --- [    Test worker] o.s.t.c.support.AbstractContextLoader    : Could not detect default resource locations for test class [com.example.springboot.web.HelloControllerTest]: no resource found for suffixes {-context.xml, Context.groovy}.
2021-12-13 23:25:45.702  INFO 4088 --- [    Test worker] .b.t.a.w.s.WebMvcTestContextBootstrapper : Loaded default TestExecutionListener class names from location [META-INF/spring.factories]: [org.springframework.security.test.context.support.WithSecurityContextTestExecutionListener, org.springframework.security.test.context.support.ReactorContextTestExecutionListener, org.springframework.boot.test.autoconfigure.restdocs.RestDocsTestExecutionListener, org.springframework.boot.test.autoconfigure.web.client.MockRestServiceServerResetTestExecutionListener, org.springframework.boot.test.autoconfigure.web.servlet.MockMvcPrintOnlyOnFailureTestExecutionListener, org.springframework.boot.test.autoconfigure.web.servlet.WebDriverTestExecutionListener, org.springframework.boot.test.autoconfigure.webservices.client.MockWebServiceServerTestExecutionListener, org.springframework.boot.test.mock.mockito.MockitoTestExecutionListener, org.springframework.boot.test.mock.mockito.ResetMocksTestExecutionListener, org.springframework.test.context.web.ServletTestExecutionListener, org.springframework.test.context.support.DirtiesContextBeforeModesTestExecutionListener, org.springframework.test.context.support.DependencyInjectionTestExecutionListener, org.springframework.test.context.support.DirtiesContextTestExecutionListener, org.springframework.test.context.transaction.TransactionalTestExecutionListener, org.springframework.test.context.jdbc.SqlScriptsTestExecutionListener, org.springframework.test.context.event.EventPublishingTestExecutionListener]
2021-12-13 23:25:45.704  INFO 4088 --- [    Test worker] .b.t.a.w.s.WebMvcTestContextBootstrapper : Using TestExecutionListeners: [org.springframework.test.context.web.ServletTestExecutionListener@6a31619c, org.springframework.test.context.support.DirtiesContextBeforeModesTestExecutionListener@50de6d56, org.springframework.boot.test.mock.mockito.MockitoTestExecutionListener@72208279, org.springframework.boot.test.autoconfigure.SpringBootDependencyInjectionTestExecutionListener@1ebc700a, org.springframework.test.context.support.DirtiesContextTestExecutionListener@7f60dfc0, org.springframework.test.context.transaction.TransactionalTestExecutionListener@5c77b9a7, org.springframework.test.context.jdbc.SqlScriptsTestExecutionListener@2a32db1a, org.springframework.security.test.context.support.WithSecurityContextTestExecutionListener@5773d276, org.springframework.test.context.event.EventPublishingTestExecutionListener@2e948987, org.springframework.security.test.context.support.ReactorContextTestExecutionListener@4f4fa773, org.springframework.boot.test.autoconfigure.restdocs.RestDocsTestExecutionListener@73995f8b, org.springframework.boot.test.autoconfigure.web.client.MockRestServiceServerResetTestExecutionListener@3a30c3ec, org.springframework.boot.test.autoconfigure.web.servlet.MockMvcPrintOnlyOnFailureTestExecutionListener@30e2bd9c, org.springframework.boot.test.autoconfigure.web.servlet.WebDriverTestExecutionListener@224e0cc, org.springframework.boot.test.autoconfigure.webservices.client.MockWebServiceServerTestExecutionListener@3b788204, org.springframework.boot.test.mock.mockito.ResetMocksTestExecutionListener@76b0924]

  .   ____          _            __ _ _
 /\\ / ___'_ __ _ _(_)_ __  __ _ \ \ \ \
( ( )\___ | '_ | '_| | '_ \/ _` | \ \ \ \
 \\/  ___)| |_)| | | | | || (_| |  ) ) ) )
  '  |____| .__|_| |_|_| |_\__, | / / / /
 =========|_|==============|___/=/_/_/_/
 :: Spring Boot ::                (v2.4.1)

2021-12-13 23:25:45.773  INFO 4088 --- [    Test worker] c.e.springboot.web.HelloControllerTest   : Starting HelloControllerTest using Java 1.8.0_312 on DESKTOP-2FIBGI3 with PID 4088 (started by kimrl in C:\Users\kimrl\freelec2-webservice)
2021-12-13 23:25:45.774  INFO 4088 --- [    Test worker] c.e.springboot.web.HelloControllerTest   : The following profiles are active: oauth
2021-12-13 23:25:46.799  INFO 4088 --- [    Test worker] o.s.s.concurrent.ThreadPoolTaskExecutor  : Initializing ExecutorService 'applicationTaskExecutor'
2021-12-13 23:25:46.915  INFO 4088 --- [    Test worker] o.s.b.a.w.s.WelcomePageHandlerMapping    : Adding welcome page template: index
2021-12-13 23:25:48.193  INFO 4088 --- [    Test worker] o.s.s.web.DefaultSecurityFilterChain     : Will secure any request with [org.springframework.security.web.context.request.async.WebAsyncManagerIntegrationFilter@3abbbc8, org.springframework.security.web.context.SecurityContextPersistenceFilter@1384b5b, org.springframework.security.web.header.HeaderWriterFilter@6cf00504, org.springframework.security.web.csrf.CsrfFilter@715ca288, org.springframework.security.web.authentication.logout.LogoutFilter@19d2761e, org.springframework.security.oauth2.client.web.OAuth2AuthorizationRequestRedirectFilter@68e399aa, org.springframework.security.oauth2.client.web.OAuth2AuthorizationRequestRedirectFilter@46739d27, org.springframework.security.oauth2.client.web.OAuth2LoginAuthenticationFilter@e117d8c, org.springframework.security.web.authentication.ui.DefaultLoginPageGeneratingFilter@39bc36c4, org.springframework.security.web.authentication.ui.DefaultLogoutPageGeneratingFilter@38632c87, org.springframework.security.web.savedrequest.RequestCacheAwareFilter@2b6165ed, org.springframework.security.web.servletapi.SecurityContextHolderAwareRequestFilter@47d59da0, org.springframework.security.web.authentication.AnonymousAuthenticationFilter@60915171, org.springframework.security.oauth2.client.web.OAuth2AuthorizationCodeGrantFilter@202f00aa, org.springframework.security.web.session.SessionManagementFilter@78acb2f0, org.springframework.security.web.access.ExceptionTranslationFilter@439d3dcc, org.springframework.security.web.access.intercept.FilterSecurityInterceptor@4684ac50]
2021-12-13 23:25:49.544  INFO 4088 --- [    Test worker] o.s.b.t.m.w.SpringBootMockServletContext : Initializing Spring TestDispatcherServlet ''
2021-12-13 23:25:49.544  INFO 4088 --- [    Test worker] o.s.t.web.servlet.TestDispatcherServlet  : Initializing Servlet ''
2021-12-13 23:25:49.545  INFO 4088 --- [    Test worker] o.s.t.web.servlet.TestDispatcherServlet  : Completed initialization in 1 ms
2021-12-13 23:25:49.577  INFO 4088 --- [    Test worker] c.e.springboot.web.HelloControllerTest   : Started HelloControllerTest in 3.867 seconds (JVM running for 25.467)
]]></system-out>
  <system-err><![CDATA[]]></system-err>
</testsuite>
