<?xml version="1.0" encoding="UTF-8"?>
<testsuite name="com.example.springboot.web.HelloControllerTest" tests="2" skipped="0" failures="0" errors="0" timestamp="2021-12-10T18:55:02" hostname="DESKTOP-2FIBGI3" time="0.446">
  <properties/>
  <testcase name="hello가_리턴된다()" classname="com.example.springboot.web.HelloControllerTest" time="0.166"/>
  <testcase name="helloDto가_리턴된다()" classname="com.example.springboot.web.HelloControllerTest" time="0.279"/>
  <system-out><![CDATA[2021-12-11 03:55:00.155  INFO 5112 --- [    Test worker] o.s.t.c.support.AbstractContextLoader    : Could not detect default resource locations for test class [com.example.springboot.web.HelloControllerTest]: no resource found for suffixes {-context.xml, Context.groovy}.
2021-12-11 03:55:00.177  INFO 5112 --- [    Test worker] .b.t.a.w.s.WebMvcTestContextBootstrapper : Loaded default TestExecutionListener class names from location [META-INF/spring.factories]: [org.springframework.security.test.context.support.WithSecurityContextTestExecutionListener, org.springframework.security.test.context.support.ReactorContextTestExecutionListener, org.springframework.boot.test.autoconfigure.restdocs.RestDocsTestExecutionListener, org.springframework.boot.test.autoconfigure.web.client.MockRestServiceServerResetTestExecutionListener, org.springframework.boot.test.autoconfigure.web.servlet.MockMvcPrintOnlyOnFailureTestExecutionListener, org.springframework.boot.test.autoconfigure.web.servlet.WebDriverTestExecutionListener, org.springframework.boot.test.autoconfigure.webservices.client.MockWebServiceServerTestExecutionListener, org.springframework.boot.test.mock.mockito.MockitoTestExecutionListener, org.springframework.boot.test.mock.mockito.ResetMocksTestExecutionListener, org.springframework.test.context.web.ServletTestExecutionListener, org.springframework.test.context.support.DirtiesContextBeforeModesTestExecutionListener, org.springframework.test.context.support.DependencyInjectionTestExecutionListener, org.springframework.test.context.support.DirtiesContextTestExecutionListener, org.springframework.test.context.transaction.TransactionalTestExecutionListener, org.springframework.test.context.jdbc.SqlScriptsTestExecutionListener, org.springframework.test.context.event.EventPublishingTestExecutionListener]
2021-12-11 03:55:00.179  INFO 5112 --- [    Test worker] .b.t.a.w.s.WebMvcTestContextBootstrapper : Using TestExecutionListeners: [org.springframework.test.context.web.ServletTestExecutionListener@5773d276, org.springframework.test.context.support.DirtiesContextBeforeModesTestExecutionListener@2e948987, org.springframework.boot.test.mock.mockito.MockitoTestExecutionListener@4f4fa773, org.springframework.boot.test.autoconfigure.SpringBootDependencyInjectionTestExecutionListener@73995f8b, org.springframework.test.context.support.DirtiesContextTestExecutionListener@3a30c3ec, org.springframework.test.context.transaction.TransactionalTestExecutionListener@30e2bd9c, org.springframework.test.context.jdbc.SqlScriptsTestExecutionListener@224e0cc, org.springframework.security.test.context.support.WithSecurityContextTestExecutionListener@3b788204, org.springframework.test.context.event.EventPublishingTestExecutionListener@76b0924, org.springframework.security.test.context.support.ReactorContextTestExecutionListener@22c05a08, org.springframework.boot.test.autoconfigure.restdocs.RestDocsTestExecutionListener@7c7ec1c, org.springframework.boot.test.autoconfigure.web.client.MockRestServiceServerResetTestExecutionListener@78503642, org.springframework.boot.test.autoconfigure.web.servlet.MockMvcPrintOnlyOnFailureTestExecutionListener@272d3245, org.springframework.boot.test.autoconfigure.web.servlet.WebDriverTestExecutionListener@79d3cb2, org.springframework.boot.test.autoconfigure.webservices.client.MockWebServiceServerTestExecutionListener@3f828751, org.springframework.boot.test.mock.mockito.ResetMocksTestExecutionListener@469944c5]

  .   ____          _            __ _ _
 /\\ / ___'_ __ _ _(_)_ __  __ _ \ \ \ \
( ( )\___ | '_ | '_| | '_ \/ _` | \ \ \ \
 \\/  ___)| |_)| | | | | || (_| |  ) ) ) )
  '  |____| .__|_| |_|_| |_\__, | / / / /
 =========|_|==============|___/=/_/_/_/
 :: Spring Boot ::                (v2.4.1)

2021-12-11 03:55:00.233  INFO 5112 --- [    Test worker] c.e.springboot.web.HelloControllerTest   : Starting HelloControllerTest using Java 1.8.0_312 on DESKTOP-2FIBGI3 with PID 5112 (started by kimrl in C:\Users\kimrl\freelec2-webservice)
2021-12-11 03:55:00.233  INFO 5112 --- [    Test worker] c.e.springboot.web.HelloControllerTest   : The following profiles are active: oauth
2021-12-11 03:55:00.980  INFO 5112 --- [    Test worker] o.s.s.concurrent.ThreadPoolTaskExecutor  : Initializing ExecutorService 'applicationTaskExecutor'
2021-12-11 03:55:01.066  INFO 5112 --- [    Test worker] o.s.b.a.w.s.WelcomePageHandlerMapping    : Adding welcome page template: index
2021-12-11 03:55:01.928  INFO 5112 --- [    Test worker] o.s.s.web.DefaultSecurityFilterChain     : Will secure any request with [org.springframework.security.web.context.request.async.WebAsyncManagerIntegrationFilter@76d97e55, org.springframework.security.web.context.SecurityContextPersistenceFilter@526f94ce, org.springframework.security.web.header.HeaderWriterFilter@19d2761e, org.springframework.security.web.csrf.CsrfFilter@2b6165ed, org.springframework.security.web.authentication.logout.LogoutFilter@68e399aa, org.springframework.security.oauth2.client.web.OAuth2AuthorizationRequestRedirectFilter@202f00aa, org.springframework.security.oauth2.client.web.OAuth2AuthorizationRequestRedirectFilter@38632c87, org.springframework.security.oauth2.client.web.OAuth2LoginAuthenticationFilter@7a6f2b2d, org.springframework.security.web.authentication.ui.DefaultLoginPageGeneratingFilter@e117d8c, org.springframework.security.web.authentication.ui.DefaultLogoutPageGeneratingFilter@347f54d3, org.springframework.security.web.savedrequest.RequestCacheAwareFilter@14be4547, org.springframework.security.web.servletapi.SecurityContextHolderAwareRequestFilter@1e56b348, org.springframework.security.web.authentication.AnonymousAuthenticationFilter@746275ec, org.springframework.security.oauth2.client.web.OAuth2AuthorizationCodeGrantFilter@3d8faa4a, org.springframework.security.web.session.SessionManagementFilter@39bc36c4, org.springframework.security.web.access.ExceptionTranslationFilter@5a739c98, org.springframework.security.web.access.intercept.FilterSecurityInterceptor@3751945e]
2021-12-11 03:55:02.134  INFO 5112 --- [    Test worker] o.s.b.t.m.w.SpringBootMockServletContext : Initializing Spring TestDispatcherServlet ''
2021-12-11 03:55:02.135  INFO 5112 --- [    Test worker] o.s.t.web.servlet.TestDispatcherServlet  : Initializing Servlet ''
2021-12-11 03:55:02.136  INFO 5112 --- [    Test worker] o.s.t.web.servlet.TestDispatcherServlet  : Completed initialization in 1 ms
2021-12-11 03:55:02.168  INFO 5112 --- [    Test worker] c.e.springboot.web.HelloControllerTest   : Started HelloControllerTest in 1.986 seconds (JVM running for 31.786)
]]></system-out>
  <system-err><![CDATA[]]></system-err>
</testsuite>
