<?xml version="1.0" encoding="UTF-8"?>
<testsuite name="com.example.springboot.web.domain.posts.PostsRepositoryTest" tests="2" skipped="0" failures="0" errors="0" timestamp="2021-12-13T14:25:45" hostname="DESKTOP-2FIBGI3" time="0.531">
  <properties/>
  <testcase name="게시글저장_불러오기()" classname="com.example.springboot.web.domain.posts.PostsRepositoryTest" time="0.502"/>
  <testcase name="BaseTimeEntity_등록()" classname="com.example.springboot.web.domain.posts.PostsRepositoryTest" time="0.028"/>
  <system-out><![CDATA[23:25:26.614 [Test worker] DEBUG org.springframework.test.context.BootstrapUtils - Instantiating CacheAwareContextLoaderDelegate from class [org.springframework.test.context.cache.DefaultCacheAwareContextLoaderDelegate]
23:25:26.642 [Test worker] DEBUG org.springframework.test.context.BootstrapUtils - Instantiating BootstrapContext using constructor [public org.springframework.test.context.support.DefaultBootstrapContext(java.lang.Class,org.springframework.test.context.CacheAwareContextLoaderDelegate)]
23:25:26.699 [Test worker] DEBUG org.springframework.test.context.BootstrapUtils - Instantiating TestContextBootstrapper for test class [com.example.springboot.web.domain.posts.PostsRepositoryTest] from class [org.springframework.boot.test.context.SpringBootTestContextBootstrapper]
23:25:26.729 [Test worker] INFO org.springframework.boot.test.context.SpringBootTestContextBootstrapper - Neither @ContextConfiguration nor @ContextHierarchy found for test class [com.example.springboot.web.domain.posts.PostsRepositoryTest], using SpringBootContextLoader
23:25:26.736 [Test worker] DEBUG org.springframework.test.context.support.AbstractContextLoader - Did not detect default resource location for test class [com.example.springboot.web.domain.posts.PostsRepositoryTest]: class path resource [com/example/springboot/web/domain/posts/PostsRepositoryTest-context.xml] does not exist
23:25:26.736 [Test worker] DEBUG org.springframework.test.context.support.AbstractContextLoader - Did not detect default resource location for test class [com.example.springboot.web.domain.posts.PostsRepositoryTest]: class path resource [com/example/springboot/web/domain/posts/PostsRepositoryTestContext.groovy] does not exist
23:25:26.737 [Test worker] INFO org.springframework.test.context.support.AbstractContextLoader - Could not detect default resource locations for test class [com.example.springboot.web.domain.posts.PostsRepositoryTest]: no resource found for suffixes {-context.xml, Context.groovy}.
23:25:26.821 [Test worker] DEBUG org.springframework.test.context.support.ActiveProfilesUtils - Could not find an 'annotation declaring class' for annotation type [org.springframework.test.context.ActiveProfiles] and class [com.example.springboot.web.domain.posts.PostsRepositoryTest]
23:25:27.138 [Test worker] DEBUG org.springframework.boot.test.context.SpringBootTestContextBootstrapper - @TestExecutionListeners is not present for class [com.example.springboot.web.domain.posts.PostsRepositoryTest]: using defaults.
23:25:27.139 [Test worker] INFO org.springframework.boot.test.context.SpringBootTestContextBootstrapper - Loaded default TestExecutionListener class names from location [META-INF/spring.factories]: [org.springframework.security.test.context.support.WithSecurityContextTestExecutionListener, org.springframework.security.test.context.support.ReactorContextTestExecutionListener, org.springframework.boot.test.autoconfigure.restdocs.RestDocsTestExecutionListener, org.springframework.boot.test.autoconfigure.web.client.MockRestServiceServerResetTestExecutionListener, org.springframework.boot.test.autoconfigure.web.servlet.MockMvcPrintOnlyOnFailureTestExecutionListener, org.springframework.boot.test.autoconfigure.web.servlet.WebDriverTestExecutionListener, org.springframework.boot.test.autoconfigure.webservices.client.MockWebServiceServerTestExecutionListener, org.springframework.boot.test.mock.mockito.MockitoTestExecutionListener, org.springframework.boot.test.mock.mockito.ResetMocksTestExecutionListener, org.springframework.test.context.web.ServletTestExecutionListener, org.springframework.test.context.support.DirtiesContextBeforeModesTestExecutionListener, org.springframework.test.context.support.DependencyInjectionTestExecutionListener, org.springframework.test.context.support.DirtiesContextTestExecutionListener, org.springframework.test.context.transaction.TransactionalTestExecutionListener, org.springframework.test.context.jdbc.SqlScriptsTestExecutionListener, org.springframework.test.context.event.EventPublishingTestExecutionListener]
23:25:27.206 [Test worker] INFO org.springframework.boot.test.context.SpringBootTestContextBootstrapper - Using TestExecutionListeners: [org.springframework.test.context.web.ServletTestExecutionListener@5801b438, org.springframework.test.context.support.DirtiesContextBeforeModesTestExecutionListener@42d8348b, org.springframework.boot.test.mock.mockito.MockitoTestExecutionListener@3f569312, org.springframework.boot.test.autoconfigure.SpringBootDependencyInjectionTestExecutionListener@1236df9f, org.springframework.test.context.support.DirtiesContextTestExecutionListener@47430995, org.springframework.test.context.transaction.TransactionalTestExecutionListener@44bc019a, org.springframework.test.context.jdbc.SqlScriptsTestExecutionListener@4ff9c41c, org.springframework.security.test.context.support.WithSecurityContextTestExecutionListener@6b97305b, org.springframework.test.context.event.EventPublishingTestExecutionListener@3447931d, org.springframework.security.test.context.support.ReactorContextTestExecutionListener@1053e4de, org.springframework.boot.test.autoconfigure.restdocs.RestDocsTestExecutionListener@118b1bec, org.springframework.boot.test.autoconfigure.web.client.MockRestServiceServerResetTestExecutionListener@434ce46e, org.springframework.boot.test.autoconfigure.web.servlet.MockMvcPrintOnlyOnFailureTestExecutionListener@4b1b5861, org.springframework.boot.test.autoconfigure.web.servlet.WebDriverTestExecutionListener@44e130c8, org.springframework.boot.test.autoconfigure.webservices.client.MockWebServiceServerTestExecutionListener@dfc07c3, org.springframework.boot.test.mock.mockito.ResetMocksTestExecutionListener@2937ed86]
23:25:27.220 [Test worker] DEBUG org.springframework.test.context.support.AbstractDirtiesContextTestExecutionListener - Before test class: context [DefaultTestContext@3c707844 testClass = PostsRepositoryTest, testInstance = [null], testMethod = [null], testException = [null], mergedContextConfiguration = [WebMergedContextConfiguration@5aeed433 testClass = PostsRepositoryTest, locations = '{}', classes = '{class org.example.springboot.Application, class org.example.springboot.Application}', contextInitializerClasses = '[]', activeProfiles = '{}', propertySourceLocations = '{}', propertySourceProperties = '{org.springframework.boot.test.context.SpringBootTestContextBootstrapper=true}', contextCustomizers = set[org.springframework.boot.test.autoconfigure.actuate.metrics.MetricsExportContextCustomizerFactory$DisableMetricExportContextCustomizer@58ecd31, org.springframework.boot.test.autoconfigure.properties.PropertyMappingContextCustomizer@0, org.springframework.boot.test.autoconfigure.web.servlet.WebDriverContextCustomizerFactory$Customizer@6589ec9f, org.springframework.boot.test.context.filter.ExcludeFilterContextCustomizer@30df3ae4, org.springframework.boot.test.json.DuplicateJsonObjectContextCustomizerFactory$DuplicateJsonObjectContextCustomizer@39cc29f6, org.springframework.boot.test.mock.mockito.MockitoContextCustomizer@0, org.springframework.boot.test.web.client.TestRestTemplateContextCustomizer@a814c50, org.springframework.boot.test.context.SpringBootTestArgs@1, org.springframework.boot.test.context.SpringBootTestWebEnvironment@17485db7], resourceBasePath = 'src/main/webapp', contextLoader = 'org.springframework.boot.test.context.SpringBootContextLoader', parent = [null]], attributes = map['org.springframework.test.context.web.ServletTestExecutionListener.activateListener' -> true]], class annotated with @DirtiesContext [false] with mode [null].
23:25:27.300 [Test worker] DEBUG org.springframework.test.context.support.TestPropertySourceUtils - Adding inlined properties to environment: {spring.jmx.enabled=false, org.springframework.boot.test.context.SpringBootTestContextBootstrapper=true}

  .   ____          _            __ _ _
 /\\ / ___'_ __ _ _(_)_ __  __ _ \ \ \ \
( ( )\___ | '_ | '_| | '_ \/ _` | \ \ \ \
 \\/  ___)| |_)| | | | | || (_| |  ) ) ) )
  '  |____| .__|_| |_|_| |_\__, | / / / /
 =========|_|==============|___/=/_/_/_/
 :: Spring Boot ::                (v2.4.1)

2021-12-13 23:25:27.816  INFO 4088 --- [    Test worker] c.e.s.w.d.posts.PostsRepositoryTest      : Starting PostsRepositoryTest using Java 1.8.0_312 on DESKTOP-2FIBGI3 with PID 4088 (started by kimrl in C:\Users\kimrl\freelec2-webservice)
2021-12-13 23:25:27.817  INFO 4088 --- [    Test worker] c.e.s.w.d.posts.PostsRepositoryTest      : The following profiles are active: oauth
2021-12-13 23:25:29.333  INFO 4088 --- [    Test worker] .s.d.r.c.RepositoryConfigurationDelegate : Bootstrapping Spring Data JPA repositories in DEFAULT mode.
2021-12-13 23:25:29.506  INFO 4088 --- [    Test worker] .s.d.r.c.RepositoryConfigurationDelegate : Finished Spring Data repository scanning in 155 ms. Found 2 JPA repository interfaces.
2021-12-13 23:25:34.404  INFO 4088 --- [    Test worker] com.zaxxer.hikari.HikariDataSource       : HikariPool-1 - Starting...
2021-12-13 23:25:34.865  INFO 4088 --- [    Test worker] com.zaxxer.hikari.HikariDataSource       : HikariPool-1 - Start completed.
2021-12-13 23:25:35.073  INFO 4088 --- [    Test worker] o.hibernate.jpa.internal.util.LogHelper  : HHH000204: Processing PersistenceUnitInfo [name: default]
2021-12-13 23:25:35.385  INFO 4088 --- [    Test worker] org.hibernate.Version                    : HHH000412: Hibernate ORM core version 5.4.25.Final
2021-12-13 23:25:35.788  INFO 4088 --- [    Test worker] o.hibernate.annotations.common.Version   : HCANN000001: Hibernate Commons Annotations {5.1.2.Final}
2021-12-13 23:25:36.091  INFO 4088 --- [    Test worker] org.hibernate.dialect.Dialect            : HHH000400: Using dialect: org.hibernate.dialect.MySQL57Dialect
Hibernate: drop table if exists posts
Hibernate: drop table if exists user
Hibernate: create table posts (id bigint not null auto_increment, created_date datetime(6), modified_date datetime(6), author varchar(255), content TEXT not null, title varchar(500) not null, primary key (id)) engine=InnoDB
Hibernate: create table user (id bigint not null auto_increment, created_date datetime(6), modified_date datetime(6), email varchar(255) not null, name varchar(255) not null, picture varchar(255), role varchar(255) not null, primary key (id)) engine=InnoDB
2021-12-13 23:25:37.598  INFO 4088 --- [    Test worker] o.h.e.t.j.p.i.JtaPlatformInitiator       : HHH000490: Using JtaPlatform implementation: [org.hibernate.engine.transaction.jta.platform.internal.NoJtaPlatform]
2021-12-13 23:25:37.615  INFO 4088 --- [    Test worker] j.LocalContainerEntityManagerFactoryBean : Initialized JPA EntityManagerFactory for persistence unit 'default'
2021-12-13 23:25:41.414  WARN 4088 --- [    Test worker] JpaBaseConfiguration$JpaWebConfiguration : spring.jpa.open-in-view is enabled by default. Therefore, database queries may be performed during view rendering. Explicitly configure spring.jpa.open-in-view to disable this warning
2021-12-13 23:25:42.841  INFO 4088 --- [    Test worker] o.s.s.web.DefaultSecurityFilterChain     : Will secure any request with [org.springframework.security.web.context.request.async.WebAsyncManagerIntegrationFilter@2036e0be, org.springframework.security.web.context.SecurityContextPersistenceFilter@59fb92f6, org.springframework.security.web.header.HeaderWriterFilter@7e67f930, org.springframework.security.web.authentication.logout.LogoutFilter@56664265, org.springframework.security.oauth2.client.web.OAuth2AuthorizationRequestRedirectFilter@11db6495, org.springframework.security.oauth2.client.web.OAuth2LoginAuthenticationFilter@3aee3318, org.springframework.security.web.authentication.ui.DefaultLoginPageGeneratingFilter@23527810, org.springframework.security.web.authentication.ui.DefaultLogoutPageGeneratingFilter@2a7182dd, org.springframework.security.web.savedrequest.RequestCacheAwareFilter@3c61257b, org.springframework.security.web.servletapi.SecurityContextHolderAwareRequestFilter@21062c5, org.springframework.security.web.authentication.AnonymousAuthenticationFilter@73a4e11f, org.springframework.security.web.session.SessionManagementFilter@9b4a30a, org.springframework.security.web.access.ExceptionTranslationFilter@5b1bdea9, org.springframework.security.web.access.intercept.FilterSecurityInterceptor@28b58211]
2021-12-13 23:25:43.749  INFO 4088 --- [    Test worker] o.s.s.concurrent.ThreadPoolTaskExecutor  : Initializing ExecutorService 'applicationTaskExecutor'
2021-12-13 23:25:43.875  INFO 4088 --- [    Test worker] o.s.b.a.h2.H2ConsoleAutoConfiguration    : H2 console available at '/h2-console'. Database available at 'jdbc:h2:mem:testdb'
2021-12-13 23:25:44.019  INFO 4088 --- [    Test worker] o.s.b.a.w.s.WelcomePageHandlerMapping    : Adding welcome page template: index
2021-12-13 23:25:45.041  INFO 4088 --- [    Test worker] s.a.ScheduledAnnotationBeanPostProcessor : No TaskScheduler/ScheduledExecutorService bean found for scheduled processing
2021-12-13 23:25:45.063  INFO 4088 --- [    Test worker] c.e.s.w.d.posts.PostsRepositoryTest      : Started PostsRepositoryTest in 17.747 seconds (JVM running for 20.953)
Hibernate: insert into posts (created_date, modified_date, author, content, title) values (?, ?, ?, ?, ?)
Hibernate: select posts0_.id as id1_0_, posts0_.created_date as created_2_0_, posts0_.modified_date as modified3_0_, posts0_.author as author4_0_, posts0_.content as content5_0_, posts0_.title as title6_0_ from posts posts0_
Hibernate: select posts0_.id as id1_0_, posts0_.created_date as created_2_0_, posts0_.modified_date as modified3_0_, posts0_.author as author4_0_, posts0_.content as content5_0_, posts0_.title as title6_0_ from posts posts0_
Hibernate: delete from posts where id=?
Hibernate: insert into posts (created_date, modified_date, author, content, title) values (?, ?, ?, ?, ?)
Hibernate: select posts0_.id as id1_0_, posts0_.created_date as created_2_0_, posts0_.modified_date as modified3_0_, posts0_.author as author4_0_, posts0_.content as content5_0_, posts0_.title as title6_0_ from posts posts0_
Hibernate: select posts0_.id as id1_0_, posts0_.created_date as created_2_0_, posts0_.modified_date as modified3_0_, posts0_.author as author4_0_, posts0_.content as content5_0_, posts0_.title as title6_0_ from posts posts0_
Hibernate: delete from posts where id=?
]]></system-out>
  <system-err><![CDATA[]]></system-err>
</testsuite>
